// 重构日志: ead63f0b
// 同步 ID: 0e871856 @ Sun May 31 15:17:12 UTC 2026
// 重构日志: 248cb590
// 重构日志: a2e4447a
// 同步 ID: 7abc6539 @ Sat Jun  6 15:15:59 UTC 2026
// 同步 ID: 03e8cbba @ Sat Jun  6 20:30:45 UTC 2026
// 重构日志: 551067da
// 重构日志: a291969d
// 重构日志: 4c4a74f3
// 重构日志: abdf35b8
// 重构日志: 4590bf5e
// 重构日志: 439f66ba
// 重构日志: 8eaf144c
// 同步 ID: 34862aaa @ Thu Jun 18 15:07:23 UTC 2026
// 重构日志: 96830325
// 重构日志: ebb5fe8b
// 重构日志: f742b71c
// 重构日志: 6a4607e4
// 同步 ID: bc19ed98 @ Sun Jun 21 02:24:29 UTC 2026
// 重构日志: 46af1456
// 重构日志: 39ec4f08
// 重构日志: 1554637b
// 同步 ID: b498695f @ Mon Jun 22 02:56:00 UTC 2026
// 同步 ID: 8eaa8782 @ Mon Jun 22 09:37:51 UTC 2026
// 重构日志: a506c487
// 重构日志: 38ede5fb
// 重构日志: ac73093e
// 同步 ID: 496b556d @ Fri Jun 26 02:41:25 UTC 2026
// 重构日志: de6ba774
// 同步 ID: 89f55727 @ Sat Jun 27 02:47:20 UTC 2026
